#@ # 
#@ # Running fm_shell Version A-2008.03-SP2 for linux -- May 27, 2008
#@ # Date:   Thu Jan  3 16:44:23 2013
#@ # Run by: shahrzad@lespaul
#@ 

source /usr/local/packages/synopsys_2008/formality/admin/setup/.synopsys_fm.setup
#@ #
#@ # .synopsys_fm.setup: Initialization File for Formality
#@ #
#@ 
#@ 
#@ #
#@ # Enable stack trace output on fatal.  Not available for all architectures.
#@ #
#@ if { $sh_arch == "sparc" || $sh_arch == "sparcOS5" ||      $sh_arch == "hp700" || $sh_arch == "hpux10" } {
#@   set_unix_variable SYNOPSYS_TRACE ""
#@ }
#@ 
#@ #
#@ # Variable settings
#@ #
#@ set sh_new_variable_message true
#@ 
#@ #
#@ # Synopsys strongly recommends that you uncomment the following command
#@ # in order to set sh_command_abbrev_mode to the value "Command-Line-Only".
#@ # Command abbreviation is intended as an interactive convenience.  Using
#@ # abbreviations in scripts can cause commands to fail in subsequent releases.
#@ # 
#@ #set sh_command_abbrev_mode "Command-Line-Only"
#@ 
#@ #
#@ # Some useful aliases
#@ #
#@ alias list_commands		help
#@ 
#@ #
#@ # The alias of q to quit is commented out.  Remove the comment 
#@ # character if you want this alias.  Some users find that having 
#@ # this particular alias causes problems when mixed with page-mode
#@ # for reports - an accidental repeated 'q' not only cancels the
#@ # output but exits the tool.
#@ #
#@ #alias q quit
#@ # -- End source /usr/local/packages/synopsys_2008/formality/admin/setup/.synopsys_fm.setup

source -echo -verbose formality.tcl
#@ 
#@ set golden_filelist "/home/usr1/shahrzad/VLSI2/source/a25_write_back.v"
#@ 
#@ set revised_filelist "/home/usr1/shahrzad/VLSI2/dc_netlist/a25_write_back.gate.v"
#@ 
#@ set library_file "/home/usr1/shahrzad/VLSI2/Artisan/verilog/tsmc18.v"
#@ 
#@ 
#@ 
#@ ## These two commands are part of our flow to load the design into Conformal
#@ 
#@ set synopsys_auto_setup true
#@ read_verilog -r $golden_filelist
#@ set_top r:/WORK/a25_write_back
#@ 
#@ read_db "/home/usr1/shahrzad/VLSI2/Artisan/synopsys/typical.db"
#@ 
#@ read_verilog -i $revised_filelist
#@ set_top i:/WORK/a25_write_back
#@ 
#@ #report_hdlin_mismatches
#@ #report_designs
#@ 
#@ #print_message_info
#@ 
#@ 
#@ verify
#@ 
#@ # Use the hierarchical compare method...
#@ #write_hierarchical_verification_script -replace ivm-formality.hier.tcl
#@ 
#@ #source ivm-formality.hier.tcl
#@ 
#@ report_unmatched_points
#@ 
#@ #quit
#@ # -- End source formality.tcl

quit
